<?xml version="1.0" encoding="UTF-8"?>
<!-- Generated by org.testng.reporters.JUnitReportReporter -->
<testsuite hostname="LIN24007749" failures="0" tests="3" name="tests.LoginTest" time="16.951" errors="0" timestamp="2022-07-08T11:30:25 IST" skipped="0">
  <testcase classname="tests.LoginTest" name="loginWithValidCredentials" time="6.953"/>
  <system-out/>
  <testcase classname="tests.LoginTest" name="loginWithValidUsernameAndInvalidPassword" time="4.685"/>
  <system-out/>
  <testcase classname="tests.LoginTest" name="loginWithInvalidUsernameAndValidPassword" time="5.313"/>
  <system-out/>
</testsuite> <!-- tests.LoginTest -->
