<?xml version="1.0" encoding="UTF-8"?>
<!-- Generated by org.testng.reporters.JUnitReportReporter -->
<testsuite hostname="LIN24007749" failures="0" tests="2" name="tests.HomepageTest" time="14.267" errors="0" timestamp="2022-07-08T11:30:25 IST" skipped="0">
  <testcase classname="tests.HomepageTest" name="Verifynavigatinghomepagelogo" time="4.395"/>
  <system-out/>
  <testcase classname="tests.HomepageTest" name="Verifybannerimage" time="9.872"/>
  <system-out/>
</testsuite> <!-- tests.HomepageTest -->
