<?xml version="1.0" encoding="UTF-8"?>
<!-- Generated by org.testng.reporters.JUnitReportReporter -->
<testsuite hostname="LIN24007749" failures="0" tests="3" name="tests.RegisterTest" time="20.969" errors="0" timestamp="2022-07-08T11:30:25 IST" skipped="0">
  <testcase classname="tests.RegisterTest" name="registerWithMandatoryFields" time="5.159"/>
  <system-out/>
  <testcase classname="tests.RegisterTest" name="registerWithAllFields" time="5.647"/>
  <system-out/>
  <testcase classname="tests.RegisterTest" name="registerWithAlreadyRegisteredEmailAddress" time="10.163"/>
  <system-out/>
</testsuite> <!-- tests.RegisterTest -->
