<?xml version="1.0" encoding="UTF-8"?>
<!-- Generated by org.testng.reporters.JUnitReportReporter -->
<testsuite hostname="LIN24007749" failures="0" tests="18" name="runner.MyRunner" time="187.012" errors="0" timestamp="2022-07-08T11:41:04 IST" skipped="0">
  <testcase classname="runner.MyRunner" name="runScenario" time="4.316"/>
  <system-out/>
  <testcase classname="runner.MyRunner" name="runScenario" time="29.727"/>
  <system-out/>
  <testcase classname="runner.MyRunner" name="runScenario" time="5.500"/>
  <system-out/>
  <testcase classname="runner.MyRunner" name="runScenario" time="5.205"/>
  <system-out/>
  <testcase classname="runner.MyRunner" name="runScenario" time="23.526"/>
  <system-out/>
  <testcase classname="runner.MyRunner" name="runScenario" time="32.961"/>
  <system-out/>
  <testcase classname="runner.MyRunner" name="runScenario" time="4.600"/>
  <system-out/>
  <testcase classname="runner.MyRunner" name="runScenario" time="3.654"/>
  <system-out/>
  <testcase classname="runner.MyRunner" name="runScenario" time="4.147"/>
  <system-out/>
  <testcase classname="runner.MyRunner" name="runScenario" time="6.503"/>
  <system-out/>
  <testcase classname="runner.MyRunner" name="runScenario" time="5.114"/>
  <system-out/>
  <testcase classname="runner.MyRunner" name="runScenario" time="5.774"/>
  <system-out/>
  <testcase classname="runner.MyRunner" name="runScenario" time="4.010"/>
  <system-out/>
  <testcase classname="runner.MyRunner" name="runScenario" time="5.937"/>
  <system-out/>
  <testcase classname="runner.MyRunner" name="runScenario" time="5.901"/>
  <system-out/>
  <testcase classname="runner.MyRunner" name="runScenario" time="4.781"/>
  <system-out/>
  <testcase classname="runner.MyRunner" name="runScenario" time="31.156"/>
  <system-out/>
  <testcase classname="runner.MyRunner" name="runScenario" time="4.200"/>
  <system-out/>
</testsuite> <!-- runner.MyRunner -->
