<?xml version="1.0" encoding="UTF-8"?>
<!-- Generated by org.testng.reporters.JUnitReportReporter -->
<testsuite hostname="LIN24007749" failures="0" tests="3" name="tests.CheckoutTest" time="80.456" errors="0" timestamp="2022-07-08T11:30:25 IST" skipped="0">
  <testcase classname="tests.CheckoutTest" name="Checkoutwithvaliddeliverydetails" time="32.109"/>
  <system-out/>
  <testcase classname="tests.CheckoutTest" name="CheckoutwithInvaliddeliverydetails" time="30.176"/>
  <system-out/>
  <testcase classname="tests.CheckoutTest" name="Checkoutwithnofilledddeliverydetails" time="18.171"/>
  <system-out/>
</testsuite> <!-- tests.CheckoutTest -->
