<?xml version="1.0" encoding="UTF-8"?>
<!-- Generated by org.testng.reporters.JUnitReportReporter -->
<testsuite hostname="LIN24007749" failures="0" tests="1" name="tests.OrderingProductsTest" time="29.507" errors="0" timestamp="2022-07-08T11:30:25 IST" skipped="0">
  <testcase classname="tests.OrderingProductsTest" name="Checkoutwithvaliddeliverydetails" time="29.507"/>
  <system-out/>
</testsuite> <!-- tests.OrderingProductsTest -->
