<?xml version="1.0" encoding="UTF-8"?>
<!-- Generated by org.testng.reporters.JUnitReportReporter -->
<testsuite hostname="LIN24007749" failures="0" tests="3" name="tests.SearchTest" time="12.262" errors="0" timestamp="2022-07-08T11:30:25 IST" skipped="0">
  <testcase classname="tests.SearchTest" name="searchWithValidProduct" time="3.765"/>
  <system-out/>
  <testcase classname="tests.SearchTest" name="searchWithInValidProduct" time="4.302"/>
  <system-out/>
  <testcase classname="tests.SearchTest" name="searchWithoutAnyProduct" time="4.195"/>
  <system-out/>
</testsuite> <!-- tests.SearchTest -->
